2026-02-17 01:22:22,478 - INFO - Starting Playwright crawler from: https://wtr-lab.com/en/novel/1411/the-black-technology-chat-group-of-the-ten-thousand-realms/chapter-1?service=webplus
2026-02-17 01:22:22,479 - INFO - ============================================================
2026-02-17 01:22:24,054 - INFO - 
[Chapter 1] Fetching: https://wtr-lab.com/en/novel/1411/the-black-technology-chat-group-of-the-ten-thousand-realms/chapter-1?service=webplus
2026-02-17 01:22:25,813 - INFO - Fetching: https://wtr-lab.com/en/novel/1411/the-black-technology-chat-group-of-the-ten-thousand-realms/chapter-1?service=webplus
2026-02-17 01:22:39,731 - INFO -   Found title: #1Wanjie Technology Chat Group
2026-02-17 01:22:39,734 - INFO -   Extracted 22 paragraphs
2026-02-17 01:22:39,853 - INFO -   No next button found
2026-02-17 01:22:39,853 - INFO - Reached end of novel
2026-02-17 01:22:39,854 - INFO - 
============================================================
2026-02-17 01:22:39,854 - INFO - Crawl completed: 1 chapters fetched
2026-02-17 01:22:39,855 - INFO - ============================================================

2026-02-17 01:22:39,943 - INFO - Creating EPUB: The Black Technology Chat Group
2026-02-17 01:22:39,943 - INFO - Chapters: 1
2026-02-17 01:31:08,909 - INFO - Starting Playwright crawler from: https://wtr-lab.com/en/novel/1411/the-black-technology-chat-group-of-the-ten-thousand-realms/chapter-1?service=webplus
2026-02-17 01:31:08,910 - INFO - ============================================================
2026-02-17 01:31:10,015 - INFO - [OK] Browser initialized
2026-02-17 01:31:10,016 - INFO - 
[Chapter 1] Fetching: https://wtr-lab.com/en/novel/1411/the-black-technology-chat-group-of-the-ten-thousand-realms/chapter-1?service=webplus
2026-02-17 01:31:11,598 - INFO - Fetching: https://wtr-lab.com/en/novel/1411/the-black-technology-chat-group-of-the-ten-thousand-realms/chapter-1?service=webplus
2026-02-17 01:31:22,344 - INFO - [OK] Successfully fetched: https://wtr-lab.com/en/novel/1411/the-black-technology-chat-group-of-the-ten-thousand-realms/chapter-1?service=webplus
2026-02-17 01:31:22,492 - INFO -   Found title: #1Wanjie Technology Chat Group
2026-02-17 01:31:22,495 - INFO -   Extracted 22 paragraphs
2026-02-17 01:31:22,496 - INFO - [OK] Chapter 1 saved
2026-02-17 01:31:22,583 - INFO -   No next button found
2026-02-17 01:31:22,583 - INFO - Reached end of novel
2026-02-17 01:31:22,585 - INFO - 
============================================================
2026-02-17 01:31:22,586 - INFO - Crawl completed: 1 chapters fetched
2026-02-17 01:31:22,586 - INFO - ============================================================

2026-02-17 01:31:22,671 - INFO - [OK] Browser closed
2026-02-17 01:31:22,671 - INFO - Creating EPUB: The Black Technology Chat Group
2026-02-17 01:31:22,672 - INFO - Chapters: 1
2026-02-17 01:31:22,737 - INFO - [OK] EPUB saved: novel_output_playwright.epub
2026-02-17 01:31:22,738 - INFO - 
[OK] Successfully saved 1 chapters!
2026-02-17 01:32:32,316 - INFO - Starting Playwright crawler from: https://wtr-lab.com/en/novel/1411/the-black-technology-chat-group-of-the-ten-thousand-realms/chapter-1?service=webplus
2026-02-17 01:32:32,317 - INFO - ============================================================
2026-02-17 01:32:33,321 - INFO - [OK] Browser initialized
2026-02-17 01:32:33,328 - INFO - 
[Chapter 1] Fetching: https://wtr-lab.com/en/novel/1411/the-black-technology-chat-group-of-the-ten-thousand-realms/chapter-1?service=webplus
2026-02-17 01:32:35,616 - INFO - Fetching: https://wtr-lab.com/en/novel/1411/the-black-technology-chat-group-of-the-ten-thousand-realms/chapter-1?service=webplus
2026-02-17 01:32:46,176 - INFO - [OK] Successfully fetched: https://wtr-lab.com/en/novel/1411/the-black-technology-chat-group-of-the-ten-thousand-realms/chapter-1?service=webplus
2026-02-17 01:32:46,294 - INFO -   Found title: #1Wanjie Technology Chat Group
2026-02-17 01:32:46,297 - INFO -   Extracted 86 paragraphs
2026-02-17 01:32:46,297 - INFO - [OK] Chapter 1 saved
2026-02-17 01:32:46,363 - INFO -   No next button found
2026-02-17 01:32:46,364 - INFO - Reached end of novel
2026-02-17 01:32:46,365 - INFO - 
============================================================
2026-02-17 01:32:46,366 - INFO - Crawl completed: 1 chapters fetched
2026-02-17 01:32:46,366 - INFO - ============================================================

2026-02-17 01:32:46,620 - INFO - [OK] Browser closed
2026-02-17 01:32:46,621 - INFO - Creating EPUB: The Black Technology Chat Group
2026-02-17 01:32:46,621 - INFO - Chapters: 1
2026-02-17 01:32:46,697 - INFO - [OK] EPUB saved: novel_output_playwright.epub
2026-02-17 01:32:46,697 - INFO - 
[OK] Successfully saved 1 chapters!
2026-02-17 01:37:44,459 - INFO - Starting Playwright crawler from: https://wtr-lab.com/en/novel/1411/the-black-technology-chat-group-of-the-ten-thousand-realms/chapter-1?service=webplus
2026-02-17 01:37:44,460 - INFO - ============================================================
2026-02-17 01:37:46,008 - INFO - [OK] Browser initialized
2026-02-17 01:37:46,010 - INFO - 
[Chapter 1] Fetching: https://wtr-lab.com/en/novel/1411/the-black-technology-chat-group-of-the-ten-thousand-realms/chapter-1?service=webplus
2026-02-17 01:37:47,791 - INFO - Fetching: https://wtr-lab.com/en/novel/1411/the-black-technology-chat-group-of-the-ten-thousand-realms/chapter-1?service=webplus
2026-02-17 01:37:57,759 - INFO - [OK] Successfully fetched: https://wtr-lab.com/en/novel/1411/the-black-technology-chat-group-of-the-ten-thousand-realms/chapter-1?service=webplus
2026-02-17 01:37:57,900 - INFO -   Found title: #1Wanjie Technology Chat Group
2026-02-17 01:37:57,903 - INFO -   Extracted 22 paragraphs
2026-02-17 01:37:57,903 - INFO - [OK] Chapter 1 saved
2026-02-17 01:37:57,983 - INFO -   [DEBUG] Found next button
2026-02-17 01:37:57,984 - INFO -   [DEBUG] Button found but no parent link found
2026-02-17 01:37:57,986 - INFO -   [DEBUG] Found button with 'next' text: next
2026-02-17 01:37:57,987 - INFO -   [DEBUG] Found button with 'next' text: next
2026-02-17 01:37:57,987 - INFO -   [DEBUG] Found button with 'next' text: next
2026-02-17 01:37:57,991 - INFO -   No next button found (end of novel)
2026-02-17 01:37:57,992 - INFO - Reached end of novel
2026-02-17 01:37:57,992 - INFO - 
============================================================
2026-02-17 01:37:57,993 - INFO - Crawl completed: 1 chapters fetched
2026-02-17 01:37:57,994 - INFO - ============================================================

2026-02-17 01:37:58,221 - INFO - [OK] Browser closed
2026-02-17 01:37:58,247 - INFO - Creating EPUB: The Black Technology Chat Group
2026-02-17 01:37:58,265 - INFO - Chapters: 1
2026-02-17 01:37:58,417 - INFO - [OK] EPUB saved: novel_output_playwright.epub
2026-02-17 01:37:58,417 - INFO - 
[OK] Successfully saved 1 chapters!
2026-02-17 01:38:46,353 - INFO - Starting Playwright crawler from: https://wtr-lab.com/en/novel/1411/the-black-technology-chat-group-of-the-ten-thousand-realms/chapter-1?service=webplus
2026-02-17 01:38:46,354 - INFO - ============================================================
2026-02-17 01:38:47,963 - INFO - [OK] Browser initialized
2026-02-17 01:38:47,963 - INFO - 
[Chapter 1] Fetching: https://wtr-lab.com/en/novel/1411/the-black-technology-chat-group-of-the-ten-thousand-realms/chapter-1?service=webplus
2026-02-17 01:38:50,840 - INFO - Fetching: https://wtr-lab.com/en/novel/1411/the-black-technology-chat-group-of-the-ten-thousand-realms/chapter-1?service=webplus
2026-02-17 01:39:20,857 - ERROR - [ERROR] Error fetching https://wtr-lab.com/en/novel/1411/the-black-technology-chat-group-of-the-ten-thousand-realms/chapter-1?service=webplus: Page.goto: Timeout 30000ms exceeded.
Call log:
  - navigating to "https://wtr-lab.com/en/novel/1411/the-black-technology-chat-group-of-the-ten-thousand-realms/chapter-1?service=webplus", waiting until "networkidle"

2026-02-17 01:39:20,919 - ERROR - Skipping chapter due to fetch failure
2026-02-17 01:39:20,920 - INFO - 
============================================================
2026-02-17 01:39:20,922 - INFO - Crawl completed: 0 chapters fetched
2026-02-17 01:39:20,923 - INFO - Failed URLs: ['https://wtr-lab.com/en/novel/1411/the-black-technology-chat-group-of-the-ten-thousand-realms/chapter-1?service=webplus']
2026-02-17 01:39:20,925 - INFO - ============================================================

2026-02-17 01:39:21,027 - INFO - [OK] Browser closed
2026-02-17 01:39:21,027 - ERROR - 
[ERROR] No chapters were saved. Check error log.
2026-02-17 12:19:57,839 - INFO - Starting Playwright crawler from: https://wtr-lab.com/en/novel/1411/the-black-technology-chat-group-of-the-ten-thousand-realms/chapter-1?service=webplus
2026-02-17 12:19:57,840 - INFO - ============================================================
2026-02-17 12:19:59,331 - INFO - [OK] Browser initialized
2026-02-17 12:19:59,332 - INFO - 
[Chapter 1] Fetching: https://wtr-lab.com/en/novel/1411/the-black-technology-chat-group-of-the-ten-thousand-realms/chapter-1?service=webplus
2026-02-17 12:20:01,026 - INFO - Fetching: https://wtr-lab.com/en/novel/1411/the-black-technology-chat-group-of-the-ten-thousand-realms/chapter-1?service=webplus
2026-02-17 12:20:26,879 - INFO - [OK] Successfully fetched: https://wtr-lab.com/en/novel/1411/the-black-technology-chat-group-of-the-ten-thousand-realms/chapter-1?service=webplus
2026-02-17 12:20:27,047 - INFO -   Found title: #1Wanjie Technology Chat Group
2026-02-17 12:20:27,049 - INFO -   Extracted 22 paragraphs
2026-02-17 12:20:27,050 - INFO - [OK] Chapter 1 saved
2026-02-17 12:20:27,121 - INFO -   [DEBUG] Found next button, checking ancestors...
2026-02-17 12:20:27,121 - INFO -   [DEBUG] Button found but no parent <a> tag in ancestors
2026-02-17 12:20:27,125 - INFO -   Found next URL (method 3): https://wtr-lab.com/en/novel/1411/the-black-technology-chat-group-of-the-ten-thousand-realms
2026-02-17 12:20:27,126 - INFO - 
[Chapter 2] Fetching: https://wtr-lab.com/en/novel/1411/the-black-technology-chat-group-of-the-ten-thousand-realms
2026-02-17 12:20:28,302 - INFO - Fetching: https://wtr-lab.com/en/novel/1411/the-black-technology-chat-group-of-the-ten-thousand-realms
2026-02-17 12:20:41,199 - WARNING -   Could not find chapter body in https://wtr-lab.com/en/novel/1411/the-black-technology-chat-group-of-the-ten-thousand-realms
2026-02-17 12:20:41,200 - WARNING - Failed to parse chapter, stopping
2026-02-17 12:20:41,200 - INFO - 
============================================================
2026-02-17 12:20:41,201 - INFO - Crawl completed: 1 chapters fetched
2026-02-17 12:20:41,201 - INFO - Failed URLs: ['https://wtr-lab.com/en/novel/1411/the-black-technology-chat-group-of-the-ten-thousand-realms']
2026-02-17 12:20:41,201 - INFO - ============================================================

2026-02-17 12:20:41,301 - INFO - [OK] Browser closed
2026-02-17 12:20:41,301 - INFO - Creating EPUB: The Black Technology Chat Group
2026-02-17 12:20:41,302 - INFO - Chapters: 1
2026-02-17 12:20:41,385 - INFO - [OK] EPUB saved: novel_output_playwright.epub
2026-02-17 12:20:41,386 - INFO - 
[OK] Successfully saved 1 chapters!
2026-02-17 12:35:36,415 - INFO - Starting Playwright crawler from: https://wtr-lab.com/en/novel/1411/the-black-technology-chat-group-of-the-ten-thousand-realms/chapter-1?service=webplus
2026-02-17 12:35:36,416 - INFO - ============================================================
2026-02-17 12:35:38,293 - INFO - [OK] Browser initialized
2026-02-17 12:35:38,293 - INFO - 
[Chapter 1] Fetching: https://wtr-lab.com/en/novel/1411/the-black-technology-chat-group-of-the-ten-thousand-realms/chapter-1?service=webplus
2026-02-17 12:35:41,373 - INFO - Fetching: https://wtr-lab.com/en/novel/1411/the-black-technology-chat-group-of-the-ten-thousand-realms/chapter-1?service=webplus
2026-02-17 12:36:11,385 - WARNING -   Navigation timeout/error: Page.goto: Timeout 30000ms exceeded.
Call log:
  - navigating to "https://wtr-lab.com/en/novel/1411/, checking for content...
2026-02-17 12:36:12,729 - INFO - [OK] Successfully fetched: https://wtr-lab.com/en/novel/1411/the-black-technology-chat-group-of-the-ten-thousand-realms/chapter-1?service=webplus
2026-02-17 12:36:12,827 - INFO -   Found title: #1Wanjie Technology Chat Group
2026-02-17 12:36:12,829 - WARNING -   No paragraphs found in chapter body
2026-02-17 12:36:12,830 - WARNING - Failed to parse chapter
2026-02-17 12:36:12,831 - INFO -   Generated next URL: chapter-1 -> chapter-2
2026-02-17 12:36:12,831 - INFO - 
[Chapter 1] Fetching: https://wtr-lab.com/en/novel/1411/the-black-technology-chat-group-of-the-ten-thousand-realms/chapter-2?service=webplus
2026-02-17 12:36:14,153 - INFO - Fetching: https://wtr-lab.com/en/novel/1411/the-black-technology-chat-group-of-the-ten-thousand-realms/chapter-2?service=webplus
2026-02-17 12:36:22,401 - INFO - [OK] Successfully fetched: https://wtr-lab.com/en/novel/1411/the-black-technology-chat-group-of-the-ten-thousand-realms/chapter-2?service=webplus
2026-02-17 12:36:22,521 - INFO -   Found title: #2red envelopes
2026-02-17 12:36:22,523 - INFO -   Extracted 10 paragraphs
2026-02-17 12:36:22,523 - INFO - [OK] Chapter 1 saved
2026-02-17 12:36:22,523 - INFO -   Generated next URL: chapter-2 -> chapter-3
2026-02-17 12:36:22,523 - INFO - 
[Chapter 2] Fetching: https://wtr-lab.com/en/novel/1411/the-black-technology-chat-group-of-the-ten-thousand-realms/chapter-3?service=webplus
2026-02-17 12:36:24,947 - INFO - Fetching: https://wtr-lab.com/en/novel/1411/the-black-technology-chat-group-of-the-ten-thousand-realms/chapter-3?service=webplus
2026-02-17 12:36:33,423 - INFO - [OK] Successfully fetched: https://wtr-lab.com/en/novel/1411/the-black-technology-chat-group-of-the-ten-thousand-realms/chapter-3?service=webplus
2026-02-17 12:36:33,517 - INFO -   Found title: #3mischief?
2026-02-17 12:36:33,524 - INFO -   Extracted 4 paragraphs
2026-02-17 12:36:33,524 - INFO - [OK] Chapter 2 saved
2026-02-17 12:36:33,525 - INFO -   Generated next URL: chapter-3 -> chapter-4
2026-02-17 12:36:33,525 - INFO - 
[Chapter 3] Fetching: https://wtr-lab.com/en/novel/1411/the-black-technology-chat-group-of-the-ten-thousand-realms/chapter-4?service=webplus
2026-02-17 12:36:35,382 - INFO - Fetching: https://wtr-lab.com/en/novel/1411/the-black-technology-chat-group-of-the-ten-thousand-realms/chapter-4?service=webplus
2026-02-17 12:36:42,246 - INFO - [OK] Successfully fetched: https://wtr-lab.com/en/novel/1411/the-black-technology-chat-group-of-the-ten-thousand-realms/chapter-4?service=webplus
2026-02-17 12:36:42,376 - INFO -   Found title: #4Quickly, contact him!
2026-02-17 12:36:42,379 - INFO -   Extracted 9 paragraphs
2026-02-17 12:36:42,380 - INFO - [OK] Chapter 3 saved
2026-02-17 12:36:42,380 - INFO -   Generated next URL: chapter-4 -> chapter-5
2026-02-17 12:36:42,380 - INFO - 
[Chapter 4] Fetching: https://wtr-lab.com/en/novel/1411/the-black-technology-chat-group-of-the-ten-thousand-realms/chapter-5?service=webplus
2026-02-17 12:36:44,557 - INFO - Fetching: https://wtr-lab.com/en/novel/1411/the-black-technology-chat-group-of-the-ten-thousand-realms/chapter-5?service=webplus
2026-02-17 12:37:14,564 - WARNING -   Navigation timeout/error: Page.goto: Timeout 30000ms exceeded.
Call log:
  - navigating to "https://wtr-lab.com/en/novel/1411/, checking for content...
2026-02-17 12:37:15,435 - INFO - [OK] Successfully fetched: https://wtr-lab.com/en/novel/1411/the-black-technology-chat-group-of-the-ten-thousand-realms/chapter-5?service=webplus
2026-02-17 12:37:15,527 - INFO -   Found title: #5
2026-02-17 12:37:15,529 - WARNING -   No paragraphs found in chapter body
2026-02-17 12:37:15,529 - WARNING - Failed to parse chapter
2026-02-17 12:37:15,529 - INFO -   Generated next URL: chapter-5 -> chapter-6
2026-02-17 12:37:15,529 - INFO - 
[Chapter 4] Fetching: https://wtr-lab.com/en/novel/1411/the-black-technology-chat-group-of-the-ten-thousand-realms/chapter-6?service=webplus
2026-02-17 12:37:18,602 - INFO - Fetching: https://wtr-lab.com/en/novel/1411/the-black-technology-chat-group-of-the-ten-thousand-realms/chapter-6?service=webplus
2026-02-17 12:37:48,616 - WARNING -   Navigation timeout/error: Page.goto: Timeout 30000ms exceeded.
Call log:
  - navigating to "https://wtr-lab.com/en/novel/1411/, checking for content...
2026-02-17 12:37:49,505 - INFO - [OK] Successfully fetched: https://wtr-lab.com/en/novel/1411/the-black-technology-chat-group-of-the-ten-thousand-realms/chapter-6?service=webplus
2026-02-17 12:37:49,576 - INFO -   Found title: #6
2026-02-17 12:37:49,577 - WARNING -   No paragraphs found in chapter body
2026-02-17 12:37:49,578 - WARNING - Failed to parse chapter
2026-02-17 12:37:49,578 - INFO - Reached 2 consecutive failures, stopping crawl
2026-02-17 12:37:49,578 - INFO - 
============================================================
2026-02-17 12:37:49,578 - INFO - Crawl completed: 3 chapters fetched
2026-02-17 12:37:49,578 - INFO - Failed URLs: ['https://wtr-lab.com/en/novel/1411/the-black-technology-chat-group-of-the-ten-thousand-realms/chapter-1?service=webplus', 'https://wtr-lab.com/en/novel/1411/the-black-technology-chat-group-of-the-ten-thousand-realms/chapter-5?service=webplus', 'https://wtr-lab.com/en/novel/1411/the-black-technology-chat-group-of-the-ten-thousand-realms/chapter-6?service=webplus']
2026-02-17 12:37:49,578 - INFO - ============================================================

2026-02-17 12:37:49,727 - INFO - [OK] Browser closed
2026-02-17 12:37:49,728 - INFO - Creating EPUB: The Black Technology Chat Group
2026-02-17 12:37:49,728 - INFO - Chapters: 3
2026-02-17 12:37:49,818 - INFO - [OK] EPUB saved: novel_output_playwright.epub
2026-02-17 12:37:49,818 - INFO - 
[OK] Successfully saved 3 chapters!
