2026-02-17 01:21:00,368 - INFO - Starting crawl from: https://wtr-lab.com/en/novel/1411/the-black-technology-chat-group-of-the-ten-thousand-realms/chapter-1?service=webplus
2026-02-17 01:21:00,368 - INFO - ============================================================
2026-02-17 01:21:00,369 - INFO - 
[Chapter 1] Fetching: https://wtr-lab.com/en/novel/1411/the-black-technology-chat-group-of-the-ten-thousand-realms/chapter-1?service=webplus
2026-02-17 01:21:02,340 - WARNING -   Could not find chapter body in https://wtr-lab.com/en/novel/1411/the-black-technology-chat-group-of-the-ten-thousand-realms/chapter-1?service=webplus
2026-02-17 01:21:02,341 - WARNING - Failed to parse chapter, stopping crawl
2026-02-17 01:21:02,344 - INFO - 
============================================================
2026-02-17 01:21:02,345 - INFO - Crawl completed: 0 chapters fetched
2026-02-17 01:21:02,346 - INFO - Failed URLs: ['https://wtr-lab.com/en/novel/1411/the-black-technology-chat-group-of-the-ten-thousand-realms/chapter-1?service=webplus']
2026-02-17 01:21:02,347 - INFO - ============================================================

2026-02-17 01:31:32,992 - INFO - Starting crawl from: https://wtr-lab.com/en/novel/1411/the-black-technology-chat-group-of-the-ten-thousand-realms/chapter-1?service=webplus
2026-02-17 01:31:32,992 - INFO - ============================================================
2026-02-17 01:31:32,993 - INFO - 
[Chapter 1] Fetching: https://wtr-lab.com/en/novel/1411/the-black-technology-chat-group-of-the-ten-thousand-realms/chapter-1?service=webplus
2026-02-17 01:31:35,231 - INFO - [OK] Successfully fetched: https://wtr-lab.com/en/novel/1411/the-black-technology-chat-group-of-the-ten-thousand-realms/chapter-1?service=webplus
2026-02-17 01:31:35,258 - WARNING -   Could not find chapter body in https://wtr-lab.com/en/novel/1411/the-black-technology-chat-group-of-the-ten-thousand-realms/chapter-1?service=webplus
2026-02-17 01:31:35,259 - WARNING - Failed to parse chapter, stopping crawl
2026-02-17 01:31:35,260 - INFO - 
============================================================
2026-02-17 01:31:35,262 - INFO - Crawl completed: 0 chapters fetched
2026-02-17 01:31:35,262 - INFO - Failed URLs: ['https://wtr-lab.com/en/novel/1411/the-black-technology-chat-group-of-the-ten-thousand-realms/chapter-1?service=webplus']
2026-02-17 01:31:35,264 - INFO - ============================================================

2026-02-17 01:31:35,267 - ERROR - 
[ERROR] No chapters were saved. Check error log above.
